<?xml version="1.0" encoding="UTF-8"?>
<robot generator="Robot 3.1.1 (Python 3.6.4 on darwin)" generated="20190204 11:04:05.665" rpa="false">
<suite id="s1" name="Walmart" source="/Users/sdodia/PycharmProjects/Automation/robotTest/tests/walmart.robot">
<kw name="Insert Testing Data" library="Common" type="setup">
<kw name="Log" library="BuiltIn">
<doc>Logs the given message with the given level.</doc>
<arguments>
<arg>I am inserting test data....</arg>
</arguments>
<msg timestamp="20190204 11:04:05.908" level="INFO">I am inserting test data....</msg>
<status status="PASS" starttime="20190204 11:04:05.908" endtime="20190204 11:04:05.908"></status>
</kw>
<status status="PASS" starttime="20190204 11:04:05.907" endtime="20190204 11:04:05.908"></status>
</kw>
<test id="s1-t1" name="Search basic use case">
<kw name="Begin Web Test" library="Common" type="setup">
<kw name="Open Browser" library="SeleniumLibrary">
<doc>Opens a new browser instance to the given ``url``.</doc>
<arguments>
<arg>about:blank</arg>
<arg>${BROWSER}</arg>
</arguments>
<msg timestamp="20190204 11:04:05.909" level="INFO">Opening browser 'firefox' to base url 'about:blank'.</msg>
<status status="PASS" starttime="20190204 11:04:05.909" endtime="20190204 11:04:09.108"></status>
</kw>
<status status="PASS" starttime="20190204 11:04:05.909" endtime="20190204 11:04:09.108"></status>
</kw>
<kw name="Search from Home Page" library="Walmart">
<kw name="Load" library="HomePage">
<kw name="Go To" library="SeleniumLibrary">
<doc>Navigates the active browser instance to the provided ``url``.</doc>
<arguments>
<arg>${HOME_PAGE.${ENV}}</arg>
</arguments>
<msg timestamp="20190204 11:04:09.111" level="INFO">Opening url 'http://www.walmart.com/'</msg>
<status status="PASS" starttime="20190204 11:04:09.110" endtime="20190204 11:04:14.192"></status>
</kw>
<status status="PASS" starttime="20190204 11:04:09.110" endtime="20190204 11:04:14.192"></status>
</kw>
<kw name="Varify Page Loaded" library="HomePage">
<kw name="Wait Until Page Contains" library="SeleniumLibrary">
<doc>Waits until ``text`` appears on current page.</doc>
<arguments>
<arg>Shop by Category</arg>
</arguments>
<status status="PASS" starttime="20190204 11:04:14.193" endtime="20190204 11:04:14.276"></status>
</kw>
<status status="PASS" starttime="20190204 11:04:14.193" endtime="20190204 11:04:14.276"></status>
</kw>
<kw name="Search for Products" library="TopNav">
<kw name="Enter Search Term" library="TopNav">
<kw name="Input Text" library="SeleniumLibrary">
<doc>Types the given ``text`` into text field identified by ``locator``.</doc>
<arguments>
<arg>id=global-search-input</arg>
<arg>${SEARCH_TERM}</arg>
</arguments>
<msg timestamp="20190204 11:04:14.277" level="INFO">Typing text 'bike' into text field 'id=global-search-input'.</msg>
<status status="PASS" starttime="20190204 11:04:14.277" endtime="20190204 11:04:14.372"></status>
</kw>
<status status="PASS" starttime="20190204 11:04:14.276" endtime="20190204 11:04:14.372"></status>
</kw>
<kw name="Submit Search" library="TopNav">
<kw name="Click Element" library="SeleniumLibrary">
<doc>Click element identified by ``locator``.</doc>
<arguments>
<arg>xpath=//*[@id="global-search-form"]/div/div[3]/div/button/span/span</arg>
</arguments>
<msg timestamp="20190204 11:04:14.373" level="INFO">Clicking element 'xpath=//*[@id="global-search-form"]/div/div[3]/div/button/span/span'.</msg>
<status status="PASS" starttime="20190204 11:04:14.372" endtime="20190204 11:04:22.616"></status>
</kw>
<status status="PASS" starttime="20190204 11:04:14.372" endtime="20190204 11:04:22.616"></status>
</kw>
<status status="PASS" starttime="20190204 11:04:14.276" endtime="20190204 11:04:22.616"></status>
</kw>
<kw name="Wait Until Page Contains" library="SeleniumLibrary">
<doc>Waits until ``text`` appears on current page.</doc>
<arguments>
<arg>Bike Care Plans</arg>
</arguments>
<assign>
<var>${ReturnedInfo}</var>
</assign>
<msg timestamp="20190204 11:04:22.682" level="INFO">${ReturnedInfo} = None</msg>
<status status="PASS" starttime="20190204 11:04:22.616" endtime="20190204 11:04:22.682"></status>
</kw>
<kw name="Log" library="BuiltIn">
<doc>Logs the given message with the given level.</doc>
<arguments>
<arg>${ReturnedInfo}</arg>
</arguments>
<msg timestamp="20190204 11:04:22.682" level="INFO">None</msg>
<status status="PASS" starttime="20190204 11:04:22.682" endtime="20190204 11:04:22.682"></status>
</kw>
<status status="PASS" starttime="20190204 11:04:09.109" endtime="20190204 11:04:22.682"></status>
</kw>
<kw name="Do Some Custom Things" library="Walmart">
<kw name="Do Something Special" library="MyCustomLibrary">
<msg timestamp="20190204 11:04:22.683" level="INFO">Do Something Special!</msg>
<status status="PASS" starttime="20190204 11:04:22.683" endtime="20190204 11:04:22.683"></status>
</kw>
<status status="PASS" starttime="20190204 11:04:22.683" endtime="20190204 11:04:22.683"></status>
</kw>
<kw name="End of Test" library="Common" type="teardown">
<kw name="Close Browser" library="SeleniumLibrary">
<doc>Closes the current browser.</doc>
<status status="PASS" starttime="20190204 11:04:22.684" endtime="20190204 11:04:43.272"></status>
</kw>
<status status="PASS" starttime="20190204 11:04:22.684" endtime="20190204 11:04:43.272"></status>
</kw>
<tags>
<tag>Search</tag>
</tags>
<status status="PASS" starttime="20190204 11:04:05.908" endtime="20190204 11:04:43.272" critical="yes"></status>
</test>
<kw name="Cleanup Testing Data" library="Common" type="teardown">
<kw name="Log" library="BuiltIn">
<doc>Logs the given message with the given level.</doc>
<arguments>
<arg>I am deleting test data....</arg>
</arguments>
<msg timestamp="20190204 11:04:43.275" level="INFO">I am deleting test data....</msg>
<status status="PASS" starttime="20190204 11:04:43.275" endtime="20190204 11:04:43.275"></status>
</kw>
<status status="PASS" starttime="20190204 11:04:43.274" endtime="20190204 11:04:43.275"></status>
</kw>
<doc>This is some basic info about the whole suite</doc>
<status status="PASS" starttime="20190204 11:04:05.667" endtime="20190204 11:04:43.275"></status>
</suite>
<statistics>
<total>
<stat pass="1" fail="0">Critical Tests</stat>
<stat pass="1" fail="0">All Tests</stat>
</total>
<tag>
<stat pass="1" fail="0">Search</stat>
</tag>
<suite>
<stat pass="1" fail="0" id="s1" name="Walmart">Walmart</stat>
</suite>
</statistics>
<errors>
</errors>
</robot>
